<?xml version="1.0" encoding="UTF-8"?>
<testng-results skipped="0" failed="0" total="5" passed="5">
  <reporter-output>
  </reporter-output>
  <suite name="Test Suite" duration-ms="95748" started-at="2021-04-10T13:31:41Z" finished-at="2021-04-10T13:33:16Z">
    <groups>
    </groups>
    <test name="Dashboard" duration-ms="95748" started-at="2021-04-10T13:31:41Z" finished-at="2021-04-10T13:33:16Z">
      <class name="tests.DashBoardPageQA">
        <test-method status="PASS" signature="setUp()[pri:0, instance:tests.DashBoardPageQA@3567135c]" name="setUp" is-config="true" duration-ms="2518" started-at="2021-04-10T19:01:41Z" finished-at="2021-04-10T19:01:43Z">
          <reporter-output>
          </reporter-output>
        </test-method> <!-- setUp -->
        <test-method status="PASS" signature="setTest()[pri:0, instance:tests.DashBoardPageQA@3567135c]" name="setTest" is-config="true" duration-ms="27" started-at="2021-04-10T19:01:43Z" finished-at="2021-04-10T19:01:43Z">
          <reporter-output>
          </reporter-output>
        </test-method> <!-- setTest -->
        <test-method status="PASS" signature="LoginWithInvalidPwd()[pri:0, instance:tests.DashBoardPageQA@3567135c]" name="LoginWithInvalidPwd" duration-ms="8633" started-at="2021-04-10T19:01:43Z" finished-at="2021-04-10T19:01:52Z">
          <reporter-output>
          </reporter-output>
        </test-method> <!-- LoginWithInvalidPwd -->
        <test-method status="PASS" signature="LoginWithValidPwd()[pri:0, instance:tests.DashBoardPageQA@3567135c]" name="LoginWithValidPwd" duration-ms="16401" started-at="2021-04-10T19:01:52Z" finished-at="2021-04-10T19:02:08Z">
          <reporter-output>
          </reporter-output>
        </test-method> <!-- LoginWithValidPwd -->
        <test-method status="PASS" signature="addTask()[pri:0, instance:tests.DashBoardPageQA@3567135c]" name="addTask" duration-ms="30309" started-at="2021-04-10T19:02:08Z" finished-at="2021-04-10T19:02:39Z">
          <reporter-output>
          </reporter-output>
        </test-method> <!-- addTask -->
        <test-method status="PASS" signature="searchTask()[pri:0, instance:tests.DashBoardPageQA@3567135c]" name="searchTask" duration-ms="22960" started-at="2021-04-10T19:02:39Z" finished-at="2021-04-10T19:03:01Z">
          <reporter-output>
          </reporter-output>
        </test-method> <!-- searchTask -->
        <test-method status="PASS" signature="verifyProfile()[pri:0, instance:tests.DashBoardPageQA@3567135c]" name="verifyProfile" duration-ms="14690" started-at="2021-04-10T19:03:01Z" finished-at="2021-04-10T19:03:16Z">
          <reporter-output>
          </reporter-output>
        </test-method> <!-- verifyProfile -->
        <test-method status="PASS" signature="tearDown()[pri:0, instance:tests.DashBoardPageQA@3567135c]" name="tearDown" is-config="true" duration-ms="199" started-at="2021-04-10T19:03:16Z" finished-at="2021-04-10T19:03:16Z">
          <reporter-output>
          </reporter-output>
        </test-method> <!-- tearDown -->
      </class> <!-- tests.DashBoardPageQA -->
    </test> <!-- Dashboard -->
  </suite> <!-- Test Suite -->
</testng-results>
