<?xml version="1.0" encoding="UTF-8"?>
<!-- Generated by org.testng.reporters.JUnitXMLReporter -->
<testsuite hostname="CBIT01580.local" name="com.org.locus" tests="5" failures="0" timestamp="10 Apr 2021 13:25:19 GMT" time="97.798" errors="0">
  <testcase name="LoginWithInvalidPwd" time="8.304" classname="tests.DashBoardPageQA"/>
  <testcase name="LoginWithValidPwd" time="17.195" classname="tests.DashBoardPageQA"/>
  <testcase name="addTask" time="31.357" classname="tests.DashBoardPageQA"/>
  <testcase name="searchTask" time="22.558" classname="tests.DashBoardPageQA"/>
  <testcase name="verifyProfile" time="15.831" classname="tests.DashBoardPageQA"/>
</testsuite> <!-- com.org.locus -->
