<?xml version="1.0" encoding="UTF-8"?>
<!-- Generated by org.testng.reporters.JUnitXMLReporter -->
<testsuite hostname="CBIT01580.local" name="Dashboard" tests="5" failures="0" timestamp="10 Apr 2021 13:33:21 GMT" time="95.748" errors="0">
  <testcase name="LoginWithInvalidPwd" time="8.633" classname="tests.DashBoardPageQA"/>
  <testcase name="LoginWithValidPwd" time="16.401" classname="tests.DashBoardPageQA"/>
  <testcase name="addTask" time="30.309" classname="tests.DashBoardPageQA"/>
  <testcase name="searchTask" time="22.96" classname="tests.DashBoardPageQA"/>
  <testcase name="verifyProfile" time="14.69" classname="tests.DashBoardPageQA"/>
</testsuite> <!-- Dashboard -->
